0 info it worked if it ends with ok
1 verbose cli [ 'C:\\Program Files (x86)\\nodejs\\node.exe',
1 verbose cli   'C:\\Program Files\\nodejs\\node_modules\\npm\\bin\\npm-cli.js',
1 verbose cli   'run',
1 verbose cli   'build' ]
2 info using npm@3.10.10
3 info using node@v6.11.4
4 verbose run-script [ 'prebuild', 'build', 'postbuild' ]
5 info lifecycle hookutil@1.0.0~prebuild: hookutil@1.0.0
6 silly lifecycle hookutil@1.0.0~prebuild: no script for prebuild, continuing
7 info lifecycle hookutil@1.0.0~build: hookutil@1.0.0
8 verbose lifecycle hookutil@1.0.0~build: unsafe-perm in lifecycle true
9 verbose lifecycle hookutil@1.0.0~build: PATH: C:\Program Files\nodejs\node_modules\npm\bin\node-gyp-bin;F:\hookutil\windows\node_modules\.bin;C:\Users\Administrator\AppData\Local\360Chrome\Chrome\Application;C:\Program Files (x86)\CodeSourcery\Sourcery G++ Lite\bin;C:\ProgramData\Oracle\Java\javapath;C:\Windows\system32;C:\Windows;C:\Windows\System32\Wbem;C:\Windows\system32\config\systemprofile\.dnx\bin;C:\Program Files\Microsoft DNX\Dnvm\;C:\Program Files (x86)\Smartio\Smartiotools\php;C:\Program Files (x86)\Smartio\Smartiotools\php\ext;C:\Program Files (x86)\Smartio\Smartiotools\Apache24\bin;C:\Users\Administrator\Documents\Visual Studio 2015\Projects\SmartioInstall\ConsoleApplication1\php;C:\Users\Administrator\Documents\Visual Studio 2015\Projects\SmartioInstall\ConsoleApplication1\php\ext;C:\Users\Administrator\Documents\Visual Studio 2015\Projects\SmartioInstall\ConsoleApplication1\Apache24\bin;E:\SmartIOInstall\php;E:\SmartIOInstall\php\ext;E:\SmartIOInstall\Apache24\bin;E:\Sourcery_CodeBench_Lite_for_ARM_GNU_Linux\bin;C:\Program Files (x86)\SmartIO\php;C:\Program Files (x86)\SmartIO\php\ext;C:\Program Files (x86)\SmartIO\Apache24\bin;C:\Program Files (x86)\CodeSourcery\Sourcery G++ Lite\bin;C:\ProgramData\Oracle\Java\javapath;C:\Windows\system32;C:\Windows;C:\Windows\System32\Wbem;C:\Windows\system32\config\systemprofile\.dnx\bin;C:\Program Files\Microsoft DNX\Dnvm\;C:\Program Files (x86)\Smartio\Smartiotools\php;C:\Program Files (x86)\Smartio\Smartiotools\php\ext;C:\Program Files (x86)\Smartio\Smartiotools\Apache24\bin;C:\Users\Administrator\Documents\Visual Studio 2015\Projects\SmartioInstall\ConsoleApplication1\php;C:\Users\Administrator\Documents\Visual Studio 2015\Projects\SmartioInstall\ConsoleApplication1\php\ext;C:\Users\Administrator\Documents\Visual Studio 2015\Projects\SmartioInstall\ConsoleApplication1\Apache24\bin;E:\SmartIOInstall\php;E:\SmartIOInstall\php\ext;E:\SmartIOInstall\Apache24\bin;E:\Sourcery_CodeBench_Lite_for_ARM_GNU_Linux\bin;C:\Program Files (x86)\SmartIO\php;C:\Program Files (x86)\SmartIO\php\ext;C:\Program Files (x86)\SmartIO\Apache24\bin;E:\Microsoft VS Code\bin;C:\Users\Administrator\AppData\Roaming\npm;E:\nodejs;C:\Program Files\nodejs\;C:\Program Files (x86)\nodejs\;C:\Program Files\Git\cmd;C:\Program Files (x86)\CodeSourcery\Sourcery G++ Lite\bin;C:\ProgramData\Oracle\Java\javapath;C:\Windows\system32;C:\Windows;C:\Windows\System32\Wbem;C:\Windows\system32\config\systemprofile\.dnx\bin;C:\Program Files\Microsoft DNX\Dnvm\;C:\Program Files (x86)\Smartio\Smartiotools\php;C:\Program Files (x86)\Smartio\Smartiotools\php\ext;C:\Program Files (x86)\Smartio\Smartiotools\Apache24\bin;C:\Users\Administrator\Documents\Visual Studio 2015\Projects\SmartioInstall\ConsoleApplication1\php;C:\Users\Administrator\Documents\Visual Studio 2015\Projects\SmartioInstall\ConsoleApplication1\php\ext;C:\Users\Administrator\Documents\Visual Studio 2015\Projects\SmartioInstall\ConsoleApplication1\Apache24\bin;E:\SmartIOInstall\php;E:\SmartIOInstall\php\ext;E:\SmartIOInstall\Apache24\bin;E:\Sourcery_CodeBench_Lite_for_ARM_GNU_Linux\bin;;;C:\Program Files (x86)\SmartIO\php;C:\Program Files (x86)\SmartIO\php\ext;C:\Program Files (x86)\SmartIO\Apache24\bin;E:\Microsoft VS Code\bin;E:\nodejs;C:\Python27;C:\Users\Administrator\AppData\Roaming\npm
10 verbose lifecycle hookutil@1.0.0~build: CWD: F:\hookutil\windows
11 silly lifecycle hookutil@1.0.0~build: Args: [ '/d /s /c',
11 silly lifecycle   'build.bat && node-gyp configure && node-gyp build' ]
12 silly lifecycle hookutil@1.0.0~build: Returned: code: 1  signal: null
13 info lifecycle hookutil@1.0.0~build: Failed to exec build script
14 verbose stack Error: hookutil@1.0.0 build: `build.bat && node-gyp configure && node-gyp build`
14 verbose stack Exit status 1
14 verbose stack     at EventEmitter.<anonymous> (C:\Program Files\nodejs\node_modules\npm\lib\utils\lifecycle.js:255:16)
14 verbose stack     at emitTwo (events.js:106:13)
14 verbose stack     at EventEmitter.emit (events.js:191:7)
14 verbose stack     at ChildProcess.<anonymous> (C:\Program Files\nodejs\node_modules\npm\lib\utils\spawn.js:40:14)
14 verbose stack     at emitTwo (events.js:106:13)
14 verbose stack     at ChildProcess.emit (events.js:191:7)
14 verbose stack     at maybeClose (internal/child_process.js:920:16)
14 verbose stack     at Process.ChildProcess._handle.onexit (internal/child_process.js:230:5)
15 verbose pkgid hookutil@1.0.0
16 verbose cwd F:\hookutil\windows
17 error Windows_NT 6.1.7601
18 error argv "C:\\Program Files (x86)\\nodejs\\node.exe" "C:\\Program Files\\nodejs\\node_modules\\npm\\bin\\npm-cli.js" "run" "build"
19 error node v6.11.4
20 error npm  v3.10.10
21 error code ELIFECYCLE
22 error hookutil@1.0.0 build: `build.bat && node-gyp configure && node-gyp build`
22 error Exit status 1
23 error Failed at the hookutil@1.0.0 build script 'build.bat && node-gyp configure && node-gyp build'.
23 error Make sure you have the latest version of node.js and npm installed.
23 error If you do, this is most likely a problem with the hookutil package,
23 error not with npm itself.
23 error Tell the author that this fails on your system:
23 error     build.bat && node-gyp configure && node-gyp build
23 error You can get information on how to open an issue for this project with:
23 error     npm bugs hookutil
23 error Or if that isn't available, you can get their info via:
23 error     npm owner ls hookutil
23 error There is likely additional logging output above.
24 verbose exit [ 1, true ]
